Sat Apr 12 17:03:30 2025 [DEBUG] TravelSimulator.cpp:main:48 Added the fuel
Sat Apr 12 17:03:30 2025 [ERROR] Automobile.cpp:drive:64 The black 2016 Cadillac Escalade has no gas left in the tank

Sat Apr 12 17:03:30 2025 [DEBUG] TravelSimulator.cpp:main:60 Set the efficiency
Sat Apr 12 17:03:30 2025 [WARNING] Automobile.cpp:addFuel:49 The grey 2013 Toyota Corolla is full of gas. Discarding the rest...

Sat Apr 12 17:03:30 2025 [WARNING] Automobile.cpp:addFuel:49 The red 2012 Honda Civic is full of gas. Discarding the rest...

Sat Apr 12 17:03:30 2025 [WARNING] Automobile.cpp:addFuel:49 The blue 2008 Chevrolet Impala is full of gas. Discarding the rest...

Sat Apr 12 17:03:30 2025 [DEBUG] TravelSimulator.cpp:main:66 Added the fuel again
Sat Apr 12 17:03:30 2025 [DEBUG] TravelSimulator.cpp:main:77 Drove the cars
Sat Apr 12 17:03:31 2025 [DEBUG] TravelSimulator.cpp:main:48 Added the fuel
Sat Apr 12 17:03:31 2025 [ERROR] Automobile.cpp:drive:64 The blue 2008 Chevrolet Impala has no gas left in the tank

Sat Apr 12 17:03:31 2025 [ERROR] Automobile.cpp:drive:64 The black 2016 Cadillac Escalade has no gas left in the tank

Sat Apr 12 17:03:31 2025 [DEBUG] TravelSimulator.cpp:main:60 Set the efficiency
Sat Apr 12 17:03:31 2025 [WARNING] Automobile.cpp:addFuel:49 The grey 2013 Toyota Corolla is full of gas. Discarding the rest...

Sat Apr 12 17:03:31 2025 [WARNING] Automobile.cpp:addFuel:49 The red 2012 Honda Civic is full of gas. Discarding the rest...

Sat Apr 12 17:03:31 2025 [DEBUG] TravelSimulator.cpp:main:66 Added the fuel again
Sat Apr 12 17:03:31 2025 [DEBUG] TravelSimulator.cpp:main:77 Drove the cars
Sat Apr 12 17:03:32 2025 [DEBUG] TravelSimulator.cpp:main:48 Added the fuel
Sat Apr 12 17:03:32 2025 [DEBUG] TravelSimulator.cpp:main:60 Set the efficiency
Sat Apr 12 17:03:32 2025 [WARNING] Automobile.cpp:addFuel:49 The grey 2013 Toyota Corolla is full of gas. Discarding the rest...

Sat Apr 12 17:03:32 2025 [WARNING] Automobile.cpp:addFuel:49 The red 2012 Honda Civic is full of gas. Discarding the rest...

Sat Apr 12 17:03:32 2025 [WARNING] Automobile.cpp:addFuel:49 The blue 2008 Chevrolet Impala is full of gas. Discarding the rest...

Sat Apr 12 17:03:32 2025 [WARNING] Automobile.cpp:addFuel:49 The black 2016 Cadillac Escalade is full of gas. Discarding the rest...

Sat Apr 12 17:03:32 2025 [DEBUG] TravelSimulator.cpp:main:66 Added the fuel again
Sat Apr 12 17:03:32 2025 [DEBUG] TravelSimulator.cpp:main:77 Drove the cars
Sat Apr 12 17:03:33 2025 [DEBUG] TravelSimulator.cpp:main:48 Added the fuel
Sat Apr 12 17:03:33 2025 [ERROR] Automobile.cpp:drive:64 The black 2016 Cadillac Escalade has no gas left in the tank

Sat Apr 12 17:03:33 2025 [DEBUG] TravelSimulator.cpp:main:60 Set the efficiency
Sat Apr 12 17:03:33 2025 [WARNING] Automobile.cpp:addFuel:49 The grey 2013 Toyota Corolla is full of gas. Discarding the rest...

